<?xml version="1.0" encoding="UTF-8" ?>
<testsuite failures="0" time="0.015" errors="0" skipped="0" tests="11" name="czx_project.TestTrainProble">
  <properties>
[...]
</properties>
  <testcase time="0.003" classname="czx_project.TestTrainProble" name="test"/>
  <testcase time="0.002" classname="czx_project.TestTrainProble" name="test1"/>
  <testcase time="0.001" classname="czx_project.TestTrainProble" name="test2"/>
  <testcase time="0.001" classname="czx_project.TestTrainProble" name="test3"/>
  <testcase time="0.001" classname="czx_project.TestTrainProble" name="test4"/>
  <testcase time="0.002" classname="czx_project.TestTrainProble" name="test5"/>
  <testcase time="0.001" classname="czx_project.TestTrainProble" name="test6"/>
  <testcase time="0.001" classname="czx_project.TestTrainProble" name="test7"/>
  <testcase time="0.001" classname="czx_project.TestTrainProble" name="test8"/>
  <testcase time="0.001" classname="czx_project.TestTrainProble" name="test9"/>
  <testcase time="0.001" classname="czx_project.TestTrainProble" name="test10"/>
</testsuite>